La génération a démarré 02/05/2013 12:19:01.
     1>Projet "C:\Users\Fabien\Documents\Cours\4ème années\C++\PA\Kick_Time\Kick_Time_Game\Kick_Time_Game\Kick_Time_Game\Kick_Time_Game.vcxproj" sur le nœud 2 (Build cible(s)).
     1>ClCompile:
         C:\Program Files (x86)\Microsoft Visual Studio 11.0\VC\bin\CL.exe /c /ZI /nologo /W3 /WX- /sdl /Od /Oy- /D WIN32 /D _DEBUG /D _CONSOLE /D _UNICODE /D UNICODE /Gm /EHsc /RTC1 /MDd /GS /fp:precise /Zc:wchar_t /Zc:forScope /Fo"Debug\\" /Fd"Debug\vc110.pdb" /Gd /TP /analyze- /errorReport:prompt main.cpp
         main.cpp
       Link:
         C:\Program Files (x86)\Microsoft Visual Studio 11.0\VC\bin\link.exe /ERRORREPORT:PROMPT /OUT:"C:\Users\Fabien\Documents\Cours\4ème années\C++\PA\Kick_Time\Kick_Time_Game\Kick_Time_Game\Debug\Kick_Time_Game.exe" /INCREMENTAL /NOLOGO "sfml-graphics-d.lib" "sfml-window-d.lib" "sfml-system-d.lib" "sfml-audio-d.lib" "sfml-network-d.lib" kernel32.lib user32.lib gdi32.lib winspool.lib comdlg32.lib advapi32.lib shell32.lib ole32.lib oleaut32.lib uuid.lib odbc32.lib odbccp32.lib /MANIFEST /MANIFESTUAC:"level='asInvoker' uiAccess='false'" /manifest:embed /DEBUG /PDB:"C:\Users\Fabien\Documents\Cours\4ème années\C++\PA\Kick_Time\Kick_Time_Game\Kick_Time_Game\Debug\Kick_Time_Game.pdb" /SUBSYSTEM:CONSOLE /TLBID:1 /DYNAMICBASE /NXCOMPAT /IMPLIB:"C:\Users\Fabien\Documents\Cours\4ème années\C++\PA\Kick_Time\Kick_Time_Game\Kick_Time_Game\Debug\Kick_Time_Game.lib" /MACHINE:X86 Debug\Animation.obj
         Debug\AnimationData.obj
         Debug\AnimationManager.obj
         Debug\BattleMode.obj
         Debug\Character.obj
         Debug\CharacterManager.obj
         Debug\GameManager.obj
         Debug\HudManager.obj
         Debug\InputManager.obj
         Debug\Level.obj
         Debug\LevelData.obj
         Debug\LevelManager.obj
         Debug\main.obj
         Debug\MenuManager.obj
         Debug\Mode.obj
         Debug\ModeManager.obj
         Debug\Player.obj
         Debug\Position.obj
         Debug\RenderManager.obj
         Debug\SaveManager.obj
         Debug\SoundData.obj
         Debug\SoundManager.obj
         Kick_Time_Game.vcxproj -> C:\Users\Fabien\Documents\Cours\4ème années\C++\PA\Kick_Time\Kick_Time_Game\Kick_Time_Game\Debug\Kick_Time_Game.exe
     1>Génération du projet "C:\Users\Fabien\Documents\Cours\4ème années\C++\PA\Kick_Time\Kick_Time_Game\Kick_Time_Game\Kick_Time_Game\Kick_Time_Game.vcxproj" terminée (Build cible(s)).

La génération a réussi.

Temps écoulé 00:00:03.44
