La génération a démarré 03/05/2013 17:08:04.
     1>Projet "C:\Users\Fabien\Documents\Cours\4ème années\C++\PA\Kick_Time\Kick_Time_Game\Kick_Time_Game\Kick_Time_Game\Kick_Time_Game.vcxproj" sur le nœud 2 (Build cible(s)).
     1>ClCompile:
         C:\Program Files (x86)\Microsoft Visual Studio 11.0\VC\bin\CL.exe /c /Zi /nologo /W3 /WX- /sdl /O2 /Oi /Oy- /GL /D WIN32 /D NDEBUG /D _CONSOLE /D _UNICODE /D UNICODE /Gm- /EHsc /MD /GS /Gy /fp:precise /Zc:wchar_t /Zc:forScope /Fo"Release\\" /Fd"Release\vc110.pdb" /Gd /TP /analyze- /errorReport:prompt AnimationData.cpp
         AnimationData.cpp
       Link:
         C:\Program Files (x86)\Microsoft Visual Studio 11.0\VC\bin\link.exe /ERRORREPORT:PROMPT /OUT:"C:\Users\Fabien\Documents\Cours\4ème années\C++\PA\Kick_Time\Kick_Time_Game\Kick_Time_Game\Release\Kick_Time_Game.exe" /INCREMENTAL:NO /NOLOGO "sfml-graphics.lib" "sfml-window.lib" "sfml-system.lib" "sfml-audio.lib" "sfml-network.lib" kernel32.lib user32.lib gdi32.lib winspool.lib comdlg32.lib advapi32.lib shell32.lib ole32.lib oleaut32.lib uuid.lib odbc32.lib odbccp32.lib /MANIFEST /MANIFESTUAC:"level='asInvoker' uiAccess='false'" /manifest:embed /DEBUG /PDB:"C:\Users\Fabien\Documents\Cours\4ème années\C++\PA\Kick_Time\Kick_Time_Game\Kick_Time_Game\Release\Kick_Time_Game.pdb" /SUBSYSTEM:CONSOLE /OPT:REF /OPT:ICF /LTCG /TLBID:1 /DYNAMICBASE /NXCOMPAT /IMPLIB:"C:\Users\Fabien\Documents\Cours\4ème années\C++\PA\Kick_Time\Kick_Time_Game\Kick_Time_Game\Release\Kick_Time_Game.lib" /MACHINE:X86 /SAFESEH Release\Animation.obj
         Release\AnimationData.obj
         Release\AnimationManager.obj
         Release\BattleMode.obj
         Release\Character.obj
         Release\CharacterManager.obj
         Release\GameManager.obj
         Release\HudManager.obj
         Release\InputManager.obj
         Release\Level.obj
         Release\LevelData.obj
         Release\LevelManager.obj
         Release\main.obj
         Release\MenuManager.obj
         Release\Mode.obj
         Release\ModeManager.obj
         Release\Player.obj
         Release\Position.obj
         Release\RenderManager.obj
         Release\SaveManager.obj
         Release\SoundData.obj
         Release\SoundManager.obj
         Release\TextureManager.obj
         Génération de code en cours
         Fin de la génération du code
         Kick_Time_Game.vcxproj -> C:\Users\Fabien\Documents\Cours\4ème années\C++\PA\Kick_Time\Kick_Time_Game\Kick_Time_Game\Release\Kick_Time_Game.exe
     1>Génération du projet "C:\Users\Fabien\Documents\Cours\4ème années\C++\PA\Kick_Time\Kick_Time_Game\Kick_Time_Game\Kick_Time_Game\Kick_Time_Game.vcxproj" terminée (Build cible(s)).

La génération a réussi.

Temps écoulé 00:00:02.83
